
########################################
# Fit performed on 2017-01-22 09:23:28 #
########################################

###########
# Dataset #
###########

# axis 0: x
# datapoints
2.049180e-01
1.953125e-01
1.945525e-01
2.105263e-01
2.087683e-01
2.197802e-01
2.277904e-01
2.421307e-01
2.325581e-01
2.392345e-01
2.457002e-01
2.493766e-01
2.583979e-01
2.680965e-01
2.816902e-01
2.873563e-01
2.881844e-01
2.857143e-01
2.597403e-01
3.125000e-01
3.021148e-01
3.115265e-01
3.906250e-01
4.545454e-01
4.694836e-01
4.484305e-01
4.672897e-01
4.672897e-01
4.975124e-01
3.952569e-01
5.181347e-01
5.988024e-01
6.024097e-01
6.211180e-01
5.988024e-01
7.874016e-01
8.620690e-01
6.578947e-01
7.812500e-01
9.259259e-01

# axis 1: y
# datapoints
3.653015e-01
3.698167e-01
3.762386e-01
3.805685e-01
3.854715e-01
3.964155e-01
4.012251e-01
4.133675e-01
4.163807e-01
4.265571e-01
4.613205e-01
4.681956e-01
4.789013e-01
4.955193e-01
5.026549e-01
5.063002e-01
5.124947e-01
5.188428e-01
4.863147e-01
5.655433e-01
5.711987e-01
5.748568e-01
5.927534e-01
6.346653e-01
6.444293e-01
6.662975e-01
6.741616e-01
6.958123e-01
7.263799e-01
7.570103e-01
7.883545e-01
8.571877e-01
8.849557e-01
9.239978e-01
9.420068e-01
9.786893e-01
1.033419e+00
1.059559e+00
1.081443e+00
1.119997e+00


################
# Fit function #
################

linear_2par(x; slope, y_intercept) = slope * x + y_intercept

##############
# Fit result #
##############

# value        error    correlations
# slope
1.1014e+00   7.96e-01   
# y_intercept
1.8588e-01   3.57e-01   -0.896   

########################
# Final fit parameters #
########################

slope = 1.1 +- 0.8
y_intercept = 0.19 +- 0.36

###############
# Fit details #
###############

USING    iminuit
FCN/ndf  0.106/38 = 0.00278
EdM      5.69796e-25
UP       1
STA      Error matrix accurate

chi2prob 1.0
HYPTEST  accepted (sig. 5%)

