
########################################
# Fit performed on 2017-01-22 09:12:13 #
########################################

###########
# Dataset #
###########

# axis 0: x
# datapoints
5.813953e-02
5.885815e-02
5.988024e-02
6.056935e-02
6.134970e-02
6.309148e-02
6.385696e-02
6.578948e-02
6.626906e-02
6.788866e-02
7.342144e-02
7.451565e-02
7.621951e-02
7.886435e-02
8.000000e-02
8.058017e-02
8.156607e-02
8.257639e-02
7.739938e-02
9.000900e-02
9.090909e-02
9.149130e-02
9.433962e-02
1.010101e-01
1.025641e-01
1.060445e-01
1.072961e-01
1.107420e-01
1.156069e-01
1.204819e-01
1.254705e-01
1.364256e-01
1.408451e-01
1.470588e-01
1.499250e-01
1.557632e-01
1.644737e-01
1.686341e-01
1.721170e-01
1.782531e-01

# axis 1: y
# datapoints
4.880000e+00
5.120000e+00
5.140000e+00
4.750000e+00
4.790000e+00
4.550000e+00
4.390000e+00
4.130000e+00
4.300000e+00
4.180000e+00
4.070000e+00
4.010000e+00
3.870000e+00
3.730000e+00
3.550000e+00
3.480000e+00
3.470000e+00
3.500000e+00
3.850000e+00
3.200000e+00
3.310000e+00
3.210000e+00
2.560000e+00
2.200000e+00
2.130000e+00
2.230000e+00
2.140000e+00
2.140000e+00
2.010000e+00
2.530000e+00
1.930000e+00
1.670000e+00
1.660000e+00
1.610000e+00
1.670000e+00
1.270000e+00
1.160000e+00
1.520000e+00
1.280000e+00
1.080000e+00


################
# Fit function #
################

linear_2par(x; slope, y_intercept) = slope * x + y_intercept

##############
# Fit result #
##############

# value        error    correlations
# slope
-3.2613e+01   4.42e+00   
# y_intercept
6.3183e+00   4.69e-01   -0.942   

########################
# Final fit parameters #
########################

slope = -32.6 +- 4.4
y_intercept = 6.32 +- 0.47

###############
# Fit details #
###############

USING    iminuit
FCN/ndf  6.8/38 = 0.179
EdM      9.9307e-24
UP       1
STA      Error matrix accurate

chi2prob 1.0
HYPTEST  accepted (sig. 5%)

