
#####################################
# Minuit run on 2017-01-22 09:07:05 #
#####################################

**************************************************
*                     MIGRAD                     *
**************************************************

**********************************************************************
---------------------------------------------------------------------------------------
fval = 1.8209234431366 | total call = 33 | ncalls = 33
edm = 1.1231639396016492e-21 (Goal: 1e-05) | up = 1.0
---------------------------------------------------------------------------------------
|          Valid |    Valid Param | Accurate Covar |         Posdef |    Made Posdef |
---------------------------------------------------------------------------------------
|           True |           True |           True |           True |          False |
---------------------------------------------------------------------------------------
|     Hesse Fail |        Has Cov |      Above EDM |                |  Reach calllim |
---------------------------------------------------------------------------------------
|          False |           True |          False |            u'' |          False |
---------------------------------------------------------------------------------------

----------------------------------------------------------------------------------------------------
|      |    Name     |  Value   | Para Err |   Err-   |   Err+   |  Limit-  |  Limit+  |          |
----------------------------------------------------------------------------------------------------
|    0 |       slope =  0.5224  |  0.0474  |          |          |          |          |          |
|    1 | y_intercept = -0.08291 |  0.5216  |          |          |          |          |          |
----------------------------------------------------------------------------------------------------

**********************************************************************
**************************************************
*                     HESSE                      *
**************************************************

----------------------------------------------------------------------------------------------------
|      |    Name     |  Value   | Para Err |   Err-   |   Err+   |  Limit-  |  Limit+  |          |
----------------------------------------------------------------------------------------------------
|    0 |       slope =  0.5224  |  0.0474  |          |          |          |          |          |
|    1 | y_intercept = -0.08291 |  0.5216  |          |          |          |          |          |
----------------------------------------------------------------------------------------------------

['slope', 'y_intercept']
((1.0, -0.9504068100483419), (-0.9504068100483419, 1.0))
                 |    0    1 
------------------------------
      slope    0 | 1.00 -0.95 
y_intercept    1 | -0.95 1.00 
------------------------------

**************************************************
*                     MINOS                      *
**************************************************

--------------------------------------------------
Minos Status for slope: VALID
--------------------------------------------------
|      Error      |   -0.0474035 |    0.0474035 |
|      Valid      |     True     |     True     |
|    At Limit     |    False     |    False     |
|     Max FCN     |    False     |    False     |
|     New Min     |    False     |    False     |
--------------------------------------------------

--------------------------------------------------
Minos Status for y_intercept: VALID
--------------------------------------------------
|      Error      |    -0.521596 |     0.521596 |
|      Valid      |     True     |     True     |
|    At Limit     |    False     |    False     |
|     Max FCN     |    False     |    False     |
|     New Min     |    False     |    False     |
--------------------------------------------------


#####################################
# Minuit run on 2017-01-22 09:07:45 #
#####################################

**************************************************
*                     MIGRAD                     *
**************************************************

**********************************************************************
---------------------------------------------------------------------------------------
fval = 1.8209234431366 | total call = 33 | ncalls = 33
edm = 1.1231639396016492e-21 (Goal: 1e-05) | up = 1.0
---------------------------------------------------------------------------------------
|          Valid |    Valid Param | Accurate Covar |         Posdef |    Made Posdef |
---------------------------------------------------------------------------------------
|           True |           True |           True |           True |          False |
---------------------------------------------------------------------------------------
|     Hesse Fail |        Has Cov |      Above EDM |                |  Reach calllim |
---------------------------------------------------------------------------------------
|          False |           True |          False |            u'' |          False |
---------------------------------------------------------------------------------------

----------------------------------------------------------------------------------------------------
|      |    Name     |  Value   | Para Err |   Err-   |   Err+   |  Limit-  |  Limit+  |          |
----------------------------------------------------------------------------------------------------
|    0 |       slope =  0.5224  |  0.0474  |          |          |          |          |          |
|    1 | y_intercept = -0.08291 |  0.5216  |          |          |          |          |          |
----------------------------------------------------------------------------------------------------

**********************************************************************
**************************************************
*                     HESSE                      *
**************************************************

----------------------------------------------------------------------------------------------------
|      |    Name     |  Value   | Para Err |   Err-   |   Err+   |  Limit-  |  Limit+  |          |
----------------------------------------------------------------------------------------------------
|    0 |       slope =  0.5224  |  0.0474  |          |          |          |          |          |
|    1 | y_intercept = -0.08291 |  0.5216  |          |          |          |          |          |
----------------------------------------------------------------------------------------------------

['slope', 'y_intercept']
((1.0, -0.9504068100483419), (-0.9504068100483419, 1.0))
                 |    0    1 
------------------------------
      slope    0 | 1.00 -0.95 
y_intercept    1 | -0.95 1.00 
------------------------------

**************************************************
*                     MINOS                      *
**************************************************

--------------------------------------------------
Minos Status for slope: VALID
--------------------------------------------------
|      Error      |   -0.0474035 |    0.0474035 |
|      Valid      |     True     |     True     |
|    At Limit     |    False     |    False     |
|     Max FCN     |    False     |    False     |
|     New Min     |    False     |    False     |
--------------------------------------------------

--------------------------------------------------
Minos Status for y_intercept: VALID
--------------------------------------------------
|      Error      |    -0.521596 |     0.521596 |
|      Valid      |     True     |     True     |
|    At Limit     |    False     |    False     |
|     Max FCN     |    False     |    False     |
|     New Min     |    False     |    False     |
--------------------------------------------------


#####################################
# Minuit run on 2017-01-22 09:08:08 #
#####################################

**************************************************
*                     MIGRAD                     *
**************************************************

**********************************************************************
---------------------------------------------------------------------------------------
fval = 1.6420839885113991 | total call = 33 | ncalls = 33
edm = 1.5706974874520073e-22 (Goal: 1e-05) | up = 1.0
---------------------------------------------------------------------------------------
|          Valid |    Valid Param | Accurate Covar |         Posdef |    Made Posdef |
---------------------------------------------------------------------------------------
|           True |           True |           True |           True |          False |
---------------------------------------------------------------------------------------
|     Hesse Fail |        Has Cov |      Above EDM |                |  Reach calllim |
---------------------------------------------------------------------------------------
|          False |           True |          False |            u'' |          False |
---------------------------------------------------------------------------------------

----------------------------------------------------------------------------------------------------
|      |    Name     |  Value   | Para Err |   Err-   |   Err+   |  Limit-  |  Limit+  |          |
----------------------------------------------------------------------------------------------------
|    0 |       slope =  0.3408  |  0.04413 |          |          |          |          |          |
|    1 | y_intercept = -0.7687  |  0.5199  |          |          |          |          |          |
----------------------------------------------------------------------------------------------------

**********************************************************************
**************************************************
*                     HESSE                      *
**************************************************

----------------------------------------------------------------------------------------------------
|      |    Name     |  Value   | Para Err |   Err-   |   Err+   |  Limit-  |  Limit+  |          |
----------------------------------------------------------------------------------------------------
|    0 |       slope =  0.3408  |  0.04413 |          |          |          |          |          |
|    1 | y_intercept = -0.7687  |  0.5199  |          |          |          |          |          |
----------------------------------------------------------------------------------------------------

['slope', 'y_intercept']
((1.0, -0.952641498291128), (-0.952641498291128, 1.0))
                 |    0    1 
------------------------------
      slope    0 | 1.00 -0.95 
y_intercept    1 | -0.95 1.00 
------------------------------

**************************************************
*                     MINOS                      *
**************************************************

--------------------------------------------------
Minos Status for slope: VALID
--------------------------------------------------
|      Error      |   -0.0441259 |    0.0441259 |
|      Valid      |     True     |     True     |
|    At Limit     |    False     |    False     |
|     Max FCN     |    False     |    False     |
|     New Min     |    False     |    False     |
--------------------------------------------------

--------------------------------------------------
Minos Status for y_intercept: VALID
--------------------------------------------------
|      Error      |    -0.519948 |     0.519948 |
|      Valid      |     True     |     True     |
|    At Limit     |    False     |    False     |
|     Max FCN     |    False     |    False     |
|     New Min     |    False     |    False     |
--------------------------------------------------


#####################################
# Minuit run on 2017-01-22 09:08:59 #
#####################################

**************************************************
*                     MIGRAD                     *
**************************************************

**********************************************************************
---------------------------------------------------------------------------------------
fval = 1.8209234431366 | total call = 33 | ncalls = 33
edm = 1.1231639396016492e-21 (Goal: 1e-05) | up = 1.0
---------------------------------------------------------------------------------------
|          Valid |    Valid Param | Accurate Covar |         Posdef |    Made Posdef |
---------------------------------------------------------------------------------------
|           True |           True |           True |           True |          False |
---------------------------------------------------------------------------------------
|     Hesse Fail |        Has Cov |      Above EDM |                |  Reach calllim |
---------------------------------------------------------------------------------------
|          False |           True |          False |            u'' |          False |
---------------------------------------------------------------------------------------

----------------------------------------------------------------------------------------------------
|      |    Name     |  Value   | Para Err |   Err-   |   Err+   |  Limit-  |  Limit+  |          |
----------------------------------------------------------------------------------------------------
|    0 |       slope =  0.5224  |  0.0474  |          |          |          |          |          |
|    1 | y_intercept = -0.08291 |  0.5216  |          |          |          |          |          |
----------------------------------------------------------------------------------------------------

**********************************************************************
**************************************************
*                     HESSE                      *
**************************************************

----------------------------------------------------------------------------------------------------
|      |    Name     |  Value   | Para Err |   Err-   |   Err+   |  Limit-  |  Limit+  |          |
----------------------------------------------------------------------------------------------------
|    0 |       slope =  0.5224  |  0.0474  |          |          |          |          |          |
|    1 | y_intercept = -0.08291 |  0.5216  |          |          |          |          |          |
----------------------------------------------------------------------------------------------------

['slope', 'y_intercept']
((1.0, -0.9504068100483419), (-0.9504068100483419, 1.0))
                 |    0    1 
------------------------------
      slope    0 | 1.00 -0.95 
y_intercept    1 | -0.95 1.00 
------------------------------

**************************************************
*                     MINOS                      *
**************************************************

--------------------------------------------------
Minos Status for slope: VALID
--------------------------------------------------
|      Error      |   -0.0474035 |    0.0474035 |
|      Valid      |     True     |     True     |
|    At Limit     |    False     |    False     |
|     Max FCN     |    False     |    False     |
|     New Min     |    False     |    False     |
--------------------------------------------------

--------------------------------------------------
Minos Status for y_intercept: VALID
--------------------------------------------------
|      Error      |    -0.521596 |     0.521596 |
|      Valid      |     True     |     True     |
|    At Limit     |    False     |    False     |
|     Max FCN     |    False     |    False     |
|     New Min     |    False     |    False     |
--------------------------------------------------


#####################################
# Minuit run on 2017-01-22 09:09:07 #
#####################################

**************************************************
*                     MIGRAD                     *
**************************************************

**********************************************************************
---------------------------------------------------------------------------------------
fval = 1.6420839885113991 | total call = 33 | ncalls = 33
edm = 1.5706974874520073e-22 (Goal: 1e-05) | up = 1.0
---------------------------------------------------------------------------------------
|          Valid |    Valid Param | Accurate Covar |         Posdef |    Made Posdef |
---------------------------------------------------------------------------------------
|           True |           True |           True |           True |          False |
---------------------------------------------------------------------------------------
|     Hesse Fail |        Has Cov |      Above EDM |                |  Reach calllim |
---------------------------------------------------------------------------------------
|          False |           True |          False |            u'' |          False |
---------------------------------------------------------------------------------------

----------------------------------------------------------------------------------------------------
|      |    Name     |  Value   | Para Err |   Err-   |   Err+   |  Limit-  |  Limit+  |          |
----------------------------------------------------------------------------------------------------
|    0 |       slope =  0.3408  |  0.04413 |          |          |          |          |          |
|    1 | y_intercept = -0.7687  |  0.5199  |          |          |          |          |          |
----------------------------------------------------------------------------------------------------

**********************************************************************
**************************************************
*                     HESSE                      *
**************************************************

----------------------------------------------------------------------------------------------------
|      |    Name     |  Value   | Para Err |   Err-   |   Err+   |  Limit-  |  Limit+  |          |
----------------------------------------------------------------------------------------------------
|    0 |       slope =  0.3408  |  0.04413 |          |          |          |          |          |
|    1 | y_intercept = -0.7687  |  0.5199  |          |          |          |          |          |
----------------------------------------------------------------------------------------------------

['slope', 'y_intercept']
((1.0, -0.952641498291128), (-0.952641498291128, 1.0))
                 |    0    1 
------------------------------
      slope    0 | 1.00 -0.95 
y_intercept    1 | -0.95 1.00 
------------------------------

**************************************************
*                     MINOS                      *
**************************************************

--------------------------------------------------
Minos Status for slope: VALID
--------------------------------------------------
|      Error      |   -0.0441259 |    0.0441259 |
|      Valid      |     True     |     True     |
|    At Limit     |    False     |    False     |
|     Max FCN     |    False     |    False     |
|     New Min     |    False     |    False     |
--------------------------------------------------

--------------------------------------------------
Minos Status for y_intercept: VALID
--------------------------------------------------
|      Error      |    -0.519948 |     0.519948 |
|      Valid      |     True     |     True     |
|    At Limit     |    False     |    False     |
|     Max FCN     |    False     |    False     |
|     New Min     |    False     |    False     |
--------------------------------------------------


#####################################
# Minuit run on 2017-01-22 09:09:43 #
#####################################

**************************************************
*                     MIGRAD                     *
**************************************************

**********************************************************************
---------------------------------------------------------------------------------------
fval = 1.6420839885113991 | total call = 33 | ncalls = 33
edm = 1.5706974874520073e-22 (Goal: 1e-05) | up = 1.0
---------------------------------------------------------------------------------------
|          Valid |    Valid Param | Accurate Covar |         Posdef |    Made Posdef |
---------------------------------------------------------------------------------------
|           True |           True |           True |           True |          False |
---------------------------------------------------------------------------------------
|     Hesse Fail |        Has Cov |      Above EDM |                |  Reach calllim |
---------------------------------------------------------------------------------------
|          False |           True |          False |            u'' |          False |
---------------------------------------------------------------------------------------

----------------------------------------------------------------------------------------------------
|      |    Name     |  Value   | Para Err |   Err-   |   Err+   |  Limit-  |  Limit+  |          |
----------------------------------------------------------------------------------------------------
|    0 |       slope =  0.3408  |  0.04413 |          |          |          |          |          |
|    1 | y_intercept = -0.7687  |  0.5199  |          |          |          |          |          |
----------------------------------------------------------------------------------------------------

**********************************************************************
**************************************************
*                     HESSE                      *
**************************************************

----------------------------------------------------------------------------------------------------
|      |    Name     |  Value   | Para Err |   Err-   |   Err+   |  Limit-  |  Limit+  |          |
----------------------------------------------------------------------------------------------------
|    0 |       slope =  0.3408  |  0.04413 |          |          |          |          |          |
|    1 | y_intercept = -0.7687  |  0.5199  |          |          |          |          |          |
----------------------------------------------------------------------------------------------------

['slope', 'y_intercept']
((1.0, -0.952641498291128), (-0.952641498291128, 1.0))
                 |    0    1 
------------------------------
      slope    0 | 1.00 -0.95 
y_intercept    1 | -0.95 1.00 
------------------------------

**************************************************
*                     MINOS                      *
**************************************************

--------------------------------------------------
Minos Status for slope: VALID
--------------------------------------------------
|      Error      |   -0.0441259 |    0.0441259 |
|      Valid      |     True     |     True     |
|    At Limit     |    False     |    False     |
|     Max FCN     |    False     |    False     |
|     New Min     |    False     |    False     |
--------------------------------------------------

--------------------------------------------------
Minos Status for y_intercept: VALID
--------------------------------------------------
|      Error      |    -0.519948 |     0.519948 |
|      Valid      |     True     |     True     |
|    At Limit     |    False     |    False     |
|     Max FCN     |    False     |    False     |
|     New Min     |    False     |    False     |
--------------------------------------------------


#####################################
# Minuit run on 2017-01-22 09:12:13 #
#####################################

**************************************************
*                     MIGRAD                     *
**************************************************

**********************************************************************
---------------------------------------------------------------------------------------
fval = 6.8039580510465445 | total call = 33 | ncalls = 33
edm = 9.930696408163792e-24 (Goal: 1e-05) | up = 1.0
---------------------------------------------------------------------------------------
|          Valid |    Valid Param | Accurate Covar |         Posdef |    Made Posdef |
---------------------------------------------------------------------------------------
|           True |           True |           True |           True |          False |
---------------------------------------------------------------------------------------
|     Hesse Fail |        Has Cov |      Above EDM |                |  Reach calllim |
---------------------------------------------------------------------------------------
|          False |           True |          False |            u'' |          False |
---------------------------------------------------------------------------------------

----------------------------------------------------------------------------------------------------
|      |    Name     |  Value   | Para Err |   Err-   |   Err+   |  Limit-  |  Limit+  |          |
----------------------------------------------------------------------------------------------------
|    0 |       slope = -32.61   |  4.418   |          |          |          |          |          |
|    1 | y_intercept =  6.318   |  0.4693  |          |          |          |          |          |
----------------------------------------------------------------------------------------------------

**********************************************************************
**************************************************
*                     HESSE                      *
**************************************************

----------------------------------------------------------------------------------------------------
|      |    Name     |  Value   | Para Err |   Err-   |   Err+   |  Limit-  |  Limit+  |          |
----------------------------------------------------------------------------------------------------
|    0 |       slope = -32.61   |  4.418   |          |          |          |          |          |
|    1 | y_intercept =  6.318   |  0.4693  |          |          |          |          |          |
----------------------------------------------------------------------------------------------------

['slope', 'y_intercept']
((1.0, -0.9415357633730631), (-0.9415357633730631, 1.0))
                 |    0    1 
------------------------------
      slope    0 | 1.00 -0.94 
y_intercept    1 | -0.94 1.00 
------------------------------

**************************************************
*                     MINOS                      *
**************************************************

--------------------------------------------------
Minos Status for slope: VALID
--------------------------------------------------
|      Error      |     -4.41832 |      4.41832 |
|      Valid      |     True     |     True     |
|    At Limit     |    False     |    False     |
|     Max FCN     |    False     |    False     |
|     New Min     |    False     |    False     |
--------------------------------------------------

--------------------------------------------------
Minos Status for y_intercept: VALID
--------------------------------------------------
|      Error      |    -0.469302 |     0.469302 |
|      Valid      |     True     |     True     |
|    At Limit     |    False     |    False     |
|     Max FCN     |    False     |    False     |
|     New Min     |    False     |    False     |
--------------------------------------------------


#####################################
# Minuit run on 2017-01-22 09:23:28 #
#####################################

**************************************************
*                     MIGRAD                     *
**************************************************

**********************************************************************
---------------------------------------------------------------------------------------
fval = 0.1055847940053946 | total call = 32 | ncalls = 32
edm = 5.697956959190673e-25 (Goal: 1e-05) | up = 1.0
---------------------------------------------------------------------------------------
|          Valid |    Valid Param | Accurate Covar |         Posdef |    Made Posdef |
---------------------------------------------------------------------------------------
|           True |           True |           True |           True |          False |
---------------------------------------------------------------------------------------
|     Hesse Fail |        Has Cov |      Above EDM |                |  Reach calllim |
---------------------------------------------------------------------------------------
|          False |           True |          False |            u'' |          False |
---------------------------------------------------------------------------------------

----------------------------------------------------------------------------------------------------
|      |    Name     |  Value   | Para Err |   Err-   |   Err+   |  Limit-  |  Limit+  |          |
----------------------------------------------------------------------------------------------------
|    0 |       slope =  1.101   |  0.7955  |          |          |          |          |          |
|    1 | y_intercept =  0.1859  |  0.3566  |          |          |          |          |          |
----------------------------------------------------------------------------------------------------

**********************************************************************
**************************************************
*                     HESSE                      *
**************************************************

----------------------------------------------------------------------------------------------------
|      |    Name     |  Value   | Para Err |   Err-   |   Err+   |  Limit-  |  Limit+  |          |
----------------------------------------------------------------------------------------------------
|    0 |       slope =  1.101   |  0.7955  |          |          |          |          |          |
|    1 | y_intercept =  0.1859  |  0.3566  |          |          |          |          |          |
----------------------------------------------------------------------------------------------------

['slope', 'y_intercept']
((1.0, -0.896314795825294), (-0.896314795825294, 1.0))
                 |    0    1 
------------------------------
      slope    0 | 1.00 -0.90 
y_intercept    1 | -0.90 1.00 
------------------------------

**************************************************
*                     MINOS                      *
**************************************************

--------------------------------------------------
Minos Status for slope: VALID
--------------------------------------------------
|      Error      |    -0.795528 |     0.795528 |
|      Valid      |     True     |     True     |
|    At Limit     |    False     |    False     |
|     Max FCN     |    False     |    False     |
|     New Min     |    False     |    False     |
--------------------------------------------------

--------------------------------------------------
Minos Status for y_intercept: VALID
--------------------------------------------------
|      Error      |     -0.35658 |      0.35658 |
|      Valid      |     True     |     True     |
|    At Limit     |    False     |    False     |
|     Max FCN     |    False     |    False     |
|     New Min     |    False     |    False     |
--------------------------------------------------


#####################################
# Minuit run on 2017-01-22 09:28:47 #
#####################################

**************************************************
*                     MIGRAD                     *
**************************************************

**********************************************************************
---------------------------------------------------------------------------------------
fval = 0.00612221941281328 | total call = 33 | ncalls = 33
edm = 7.122170211801843e-25 (Goal: 1e-05) | up = 1.0
---------------------------------------------------------------------------------------
|          Valid |    Valid Param | Accurate Covar |         Posdef |    Made Posdef |
---------------------------------------------------------------------------------------
|           True |           True |           True |           True |          False |
---------------------------------------------------------------------------------------
|     Hesse Fail |        Has Cov |      Above EDM |                |  Reach calllim |
---------------------------------------------------------------------------------------
|          False |           True |          False |            u'' |          False |
---------------------------------------------------------------------------------------

----------------------------------------------------------------------------------------------------
|      |    Name     |  Value   | Para Err |   Err-   |   Err+   |  Limit-  |  Limit+  |          |
----------------------------------------------------------------------------------------------------
|    0 |       slope =  14.3    |  16.96   |          |          |          |          |          |
|    1 | y_intercept = -0.03097 |  0.8732  |          |          |          |          |          |
----------------------------------------------------------------------------------------------------

**********************************************************************
**************************************************
*                     HESSE                      *
**************************************************

----------------------------------------------------------------------------------------------------
|      |    Name     |  Value   | Para Err |   Err-   |   Err+   |  Limit-  |  Limit+  |          |
----------------------------------------------------------------------------------------------------
|    0 |       slope =  14.3    |  16.96   |          |          |          |          |          |
|    1 | y_intercept = -0.03097 |  0.8732  |          |          |          |          |          |
----------------------------------------------------------------------------------------------------

['slope', 'y_intercept']
((1.0, -0.9744534959672772), (-0.9744534959672772, 1.0))
                 |    0    1 
------------------------------
      slope    0 | 1.00 -0.97 
y_intercept    1 | -0.97 1.00 
------------------------------

**************************************************
*                     MINOS                      *
**************************************************

--------------------------------------------------
Minos Status for slope: VALID
--------------------------------------------------
|      Error      |     -16.9603 |      16.9603 |
|      Valid      |     True     |     True     |
|    At Limit     |    False     |    False     |
|     Max FCN     |    False     |    False     |
|     New Min     |    False     |    False     |
--------------------------------------------------

--------------------------------------------------
Minos Status for y_intercept: VALID
--------------------------------------------------
|      Error      |    -0.873221 |     0.873221 |
|      Valid      |     True     |     True     |
|    At Limit     |    False     |    False     |
|     Max FCN     |    False     |    False     |
|     New Min     |    False     |    False     |
--------------------------------------------------


#####################################
# Minuit run on 2017-01-22 09:31:18 #
#####################################

**************************************************
*                     MIGRAD                     *
**************************************************

**********************************************************************
---------------------------------------------------------------------------------------
fval = 0.007761617416023622 | total call = 34 | ncalls = 34
edm = 2.009713169359317e-24 (Goal: 1e-05) | up = 1.0
---------------------------------------------------------------------------------------
|          Valid |    Valid Param | Accurate Covar |         Posdef |    Made Posdef |
---------------------------------------------------------------------------------------
|           True |           True |           True |           True |          False |
---------------------------------------------------------------------------------------
|     Hesse Fail |        Has Cov |      Above EDM |                |  Reach calllim |
---------------------------------------------------------------------------------------
|          False |           True |          False |            u'' |          False |
---------------------------------------------------------------------------------------

----------------------------------------------------------------------------------------------------
|      |    Name     |  Value   | Para Err |   Err-   |   Err+   |  Limit-  |  Limit+  |          |
----------------------------------------------------------------------------------------------------
|    0 |       slope =  29.08   |  23.19   |          |          |          |          |          |
|    1 | y_intercept = -0.09326 |  1.011   |          |          |          |          |          |
----------------------------------------------------------------------------------------------------

**********************************************************************
**************************************************
*                     HESSE                      *
**************************************************

----------------------------------------------------------------------------------------------------
|      |    Name     |  Value   | Para Err |   Err-   |   Err+   |  Limit-  |  Limit+  |          |
----------------------------------------------------------------------------------------------------
|    0 |       slope =  29.08   |  23.19   |          |          |          |          |          |
|    1 | y_intercept = -0.09326 |  1.011   |          |          |          |          |          |
----------------------------------------------------------------------------------------------------

['slope', 'y_intercept']
((1.0, -0.9841031055129434), (-0.9841031055129434, 1.0))
                 |    0    1 
------------------------------
      slope    0 | 1.00 -0.98 
y_intercept    1 | -0.98 1.00 
------------------------------

**************************************************
*                     MINOS                      *
**************************************************

--------------------------------------------------
Minos Status for slope: VALID
--------------------------------------------------
|      Error      |     -23.1865 |      23.1865 |
|      Valid      |     True     |     True     |
|    At Limit     |    False     |    False     |
|     Max FCN     |    False     |    False     |
|     New Min     |    False     |    False     |
--------------------------------------------------

--------------------------------------------------
Minos Status for y_intercept: VALID
--------------------------------------------------
|      Error      |      -1.0113 |       1.0113 |
|      Valid      |     True     |     True     |
|    At Limit     |    False     |    False     |
|     Max FCN     |    False     |    False     |
|     New Min     |    False     |    False     |
--------------------------------------------------


#####################################
# Minuit run on 2017-01-22 09:36:52 #
#####################################

**************************************************
*                     MIGRAD                     *
**************************************************

**********************************************************************
---------------------------------------------------------------------------------------
fval = 1.8209234431366 | total call = 33 | ncalls = 33
edm = 1.1231639396016492e-21 (Goal: 1e-05) | up = 1.0
---------------------------------------------------------------------------------------
|          Valid |    Valid Param | Accurate Covar |         Posdef |    Made Posdef |
---------------------------------------------------------------------------------------
|           True |           True |           True |           True |          False |
---------------------------------------------------------------------------------------
|     Hesse Fail |        Has Cov |      Above EDM |                |  Reach calllim |
---------------------------------------------------------------------------------------
|          False |           True |          False |            u'' |          False |
---------------------------------------------------------------------------------------

----------------------------------------------------------------------------------------------------
|      |    Name     |  Value   | Para Err |   Err-   |   Err+   |  Limit-  |  Limit+  |          |
----------------------------------------------------------------------------------------------------
|    0 |       slope =  0.5224  |  0.0474  |          |          |          |          |          |
|    1 | y_intercept = -0.08291 |  0.5216  |          |          |          |          |          |
----------------------------------------------------------------------------------------------------

**********************************************************************
**************************************************
*                     HESSE                      *
**************************************************

----------------------------------------------------------------------------------------------------
|      |    Name     |  Value   | Para Err |   Err-   |   Err+   |  Limit-  |  Limit+  |          |
----------------------------------------------------------------------------------------------------
|    0 |       slope =  0.5224  |  0.0474  |          |          |          |          |          |
|    1 | y_intercept = -0.08291 |  0.5216  |          |          |          |          |          |
----------------------------------------------------------------------------------------------------

['slope', 'y_intercept']
((1.0, -0.9504068100483419), (-0.9504068100483419, 1.0))
                 |    0    1 
------------------------------
      slope    0 | 1.00 -0.95 
y_intercept    1 | -0.95 1.00 
------------------------------

**************************************************
*                     MINOS                      *
**************************************************

--------------------------------------------------
Minos Status for slope: VALID
--------------------------------------------------
|      Error      |   -0.0474035 |    0.0474035 |
|      Valid      |     True     |     True     |
|    At Limit     |    False     |    False     |
|     Max FCN     |    False     |    False     |
|     New Min     |    False     |    False     |
--------------------------------------------------

--------------------------------------------------
Minos Status for y_intercept: VALID
--------------------------------------------------
|      Error      |    -0.521596 |     0.521596 |
|      Valid      |     True     |     True     |
|    At Limit     |    False     |    False     |
|     Max FCN     |    False     |    False     |
|     New Min     |    False     |    False     |
--------------------------------------------------


#####################################
# Minuit run on 2017-01-22 09:37:23 #
#####################################

**************************************************
*                     MIGRAD                     *
**************************************************

**********************************************************************
---------------------------------------------------------------------------------------
fval = 1.6420839885113991 | total call = 33 | ncalls = 33
edm = 1.5706974874520073e-22 (Goal: 1e-05) | up = 1.0
---------------------------------------------------------------------------------------
|          Valid |    Valid Param | Accurate Covar |         Posdef |    Made Posdef |
---------------------------------------------------------------------------------------
|           True |           True |           True |           True |          False |
---------------------------------------------------------------------------------------
|     Hesse Fail |        Has Cov |      Above EDM |                |  Reach calllim |
---------------------------------------------------------------------------------------
|          False |           True |          False |            u'' |          False |
---------------------------------------------------------------------------------------

----------------------------------------------------------------------------------------------------
|      |    Name     |  Value   | Para Err |   Err-   |   Err+   |  Limit-  |  Limit+  |          |
----------------------------------------------------------------------------------------------------
|    0 |       slope =  0.3408  |  0.04413 |          |          |          |          |          |
|    1 | y_intercept = -0.7687  |  0.5199  |          |          |          |          |          |
----------------------------------------------------------------------------------------------------

**********************************************************************
**************************************************
*                     HESSE                      *
**************************************************

----------------------------------------------------------------------------------------------------
|      |    Name     |  Value   | Para Err |   Err-   |   Err+   |  Limit-  |  Limit+  |          |
----------------------------------------------------------------------------------------------------
|    0 |       slope =  0.3408  |  0.04413 |          |          |          |          |          |
|    1 | y_intercept = -0.7687  |  0.5199  |          |          |          |          |          |
----------------------------------------------------------------------------------------------------

['slope', 'y_intercept']
((1.0, -0.952641498291128), (-0.952641498291128, 1.0))
                 |    0    1 
------------------------------
      slope    0 | 1.00 -0.95 
y_intercept    1 | -0.95 1.00 
------------------------------

**************************************************
*                     MINOS                      *
**************************************************

--------------------------------------------------
Minos Status for slope: VALID
--------------------------------------------------
|      Error      |   -0.0441259 |    0.0441259 |
|      Valid      |     True     |     True     |
|    At Limit     |    False     |    False     |
|     Max FCN     |    False     |    False     |
|     New Min     |    False     |    False     |
--------------------------------------------------

--------------------------------------------------
Minos Status for y_intercept: VALID
--------------------------------------------------
|      Error      |    -0.519948 |     0.519948 |
|      Valid      |     True     |     True     |
|    At Limit     |    False     |    False     |
|     Max FCN     |    False     |    False     |
|     New Min     |    False     |    False     |
--------------------------------------------------

