
#####################################
# Minuit run on 2017-01-17 14:29:44 #
#####################################

 **********
 **    6 **MIGRAD        6000         0.1
 **********
 FIRST CALL TO USER FUNCTION AT NEW START POINT, WITH IFLAG=4.
 START MIGRAD MINIMIZATION.  STRATEGY  1.  CONVERGENCE WHEN EDM .LT. 1.00e-04
 FCN=1.08279e+15 FROM MIGRAD    STATUS=INITIATE        8 CALLS           9 TOTAL
                     EDM= unknown      STRATEGY= 1      NO ERROR MATRIX       
  EXT PARAMETER               CURRENT GUESS       STEP         FIRST   
  NO.   NAME      VALUE            ERROR          SIZE      DERIVATIVE 
   1  slope        1.00000e+00   1.00000e-02   1.00000e-02   4.46012e+15
   2  y_intercept   0.00000e+00   1.00000e-02   1.00000e-02   3.85850e+14
NO ERROR MATRIX       
 FCN=2.57581e+13 FROM MIGRAD    STATUS=PROGRESS       18 CALLS          19 TOTAL
                     EDM=4.75129e+12    STRATEGY= 1      NO ERROR MATRIX       
  EXT PARAMETER               CURRENT GUESS       STEP         FIRST   
  NO.   NAME      VALUE            ERROR          SIZE      DERIVATIVE 
   1  slope        7.51334e-01   1.00000e-02  -2.48666e-01   1.01939e+14
   2  y_intercept  -2.60457e+00   1.00000e-02  -2.60457e+00  -9.73242e+12
 MIGRAD MINIMIZATION HAS CONVERGED.
 MIGRAD WILL VERIFY CONVERGENCE AND ERROR MATRIX.
   START COVARIANCE MATRIX CALCULATION.
 EIGENVALUES OF SECOND-DERIVATIVE MATRIX:
         4.9593e-02  1.9504e+00
 COVARIANCE MATRIX CALCULATED SUCCESSFULLY
 FCN=1.82092e+12 FROM MIGRAD    STATUS=CONVERGED      40 CALLS          41 TOTAL
                     EDM=3.52775e-08    STRATEGY= 1      ERROR MATRIX ACCURATE 
  EXT PARAMETER                                   STEP         FIRST   
  NO.   NAME      VALUE            ERROR          SIZE      DERIVATIVE 
   1  slope        5.22448e-01   4.74035e-08   1.44400e-06   1.69072e+03
   2  y_intercept  -8.29092e-02   5.21596e-07   1.58888e-05   6.53036e+02
 EXTERNAL ERROR MATRIX.    NDIM=  25    NPAR=  2    ERR DEF=1
  2.247e-15 -2.350e-14 
 -2.350e-14  2.721e-13 
 PARAMETER  CORRELATION COEFFICIENTS  
       NO.  GLOBAL      1      2
        1  0.95041   1.000 -0.950
        2  0.95041  -0.950  1.000
 **********
 **    7 **HESSE        6000
 **********
   START COVARIANCE MATRIX CALCULATION.
 EIGENVALUES OF SECOND-DERIVATIVE MATRIX:
         4.9595e-02  1.9504e+00
 COVARIANCE MATRIX CALCULATED SUCCESSFULLY
 FCN=1.82092e+12 FROM HESSE     STATUS=OK             14 CALLS          55 TOTAL
                     EDM=2.02057e-05    STRATEGY= 1      ERROR MATRIX ACCURATE 
  EXT PARAMETER                                INTERNAL      INTERNAL  
  NO.   NAME      VALUE            ERROR       STEP SIZE       VALUE   
   1  slope        5.22448e-01   4.74026e-08   2.88800e-07   5.22448e-01
   2  y_intercept  -8.29092e-02   5.21587e-07   3.17776e-06  -8.29092e-02
 EXTERNAL ERROR MATRIX.    NDIM=  25    NPAR=  2    ERR DEF=1
  2.247e-15 -2.350e-14 
 -2.350e-14  2.721e-13 
 PARAMETER  CORRELATION COEFFICIENTS  
       NO.  GLOBAL      1      2
        1  0.95040   1.000 -0.950
        2  0.95040  -0.950  1.000
 **********
 **   11 **MINOS        6000
 **********
 FCN=1.82092e+12 FROM MINOS     STATUS=SUCCESSFUL     20 CALLS          75 TOTAL
                     EDM=2.02057e-05    STRATEGY= 1      ERROR MATRIX ACCURATE 
  EXT PARAMETER                  PARABOLIC         MINOS ERRORS        
  NO.   NAME      VALUE            ERROR      NEGATIVE      POSITIVE   
   1  slope        5.22448e-01   4.74026e-08  -4.73737e-08   4.73737e-08
   2  y_intercept  -8.29092e-02   5.21587e-07  -5.21269e-07   5.20951e-07

#####################################
# Minuit run on 2017-01-17 14:30:35 #
#####################################

 **********
 **    6 **MIGRAD        6000         0.1
 **********
 FIRST CALL TO USER FUNCTION AT NEW START POINT, WITH IFLAG=4.
 START MIGRAD MINIMIZATION.  STRATEGY  1.  CONVERGENCE WHEN EDM .LT. 1.00e-04
 FCN=1082.79 FROM MIGRAD    STATUS=INITIATE        8 CALLS           9 TOTAL
                     EDM= unknown      STRATEGY= 1      NO ERROR MATRIX       
  EXT PARAMETER               CURRENT GUESS       STEP         FIRST   
  NO.   NAME      VALUE            ERROR          SIZE      DERIVATIVE 
   1  slope        1.00000e+00   1.00000e-02   1.00000e-02   4.46012e+03
   2  y_intercept   0.00000e+00   1.00000e-02   1.00000e-02   3.85850e+02
NO ERROR MATRIX       
 FCN=25.7581 FROM MIGRAD    STATUS=PROGRESS       14 CALLS          15 TOTAL
                     EDM=4.75129    STRATEGY= 1      NO ERROR MATRIX       
  EXT PARAMETER               CURRENT GUESS       STEP         FIRST   
  NO.   NAME      VALUE            ERROR          SIZE      DERIVATIVE 
   1  slope        7.51334e-01   1.00000e-02  -2.48666e-01   1.01939e+02
   2  y_intercept  -2.60457e+00   1.00000e-02  -2.60457e+00  -9.73242e+00
 MIGRAD MINIMIZATION HAS CONVERGED.
 MIGRAD WILL VERIFY CONVERGENCE AND ERROR MATRIX.
   START COVARIANCE MATRIX CALCULATION.
 EIGENVALUES OF SECOND-DERIVATIVE MATRIX:
         4.9593e-02  1.9504e+00
 COVARIANCE MATRIX CALCULATED SUCCESSFULLY
 FCN=1.82092 FROM MIGRAD    STATUS=CONVERGED      36 CALLS          37 TOTAL
                     EDM=5.86877e-21    STRATEGY= 1      ERROR MATRIX ACCURATE 
  EXT PARAMETER                                   STEP         FIRST   
  NO.   NAME      VALUE            ERROR          SIZE      DERIVATIVE 
   1  slope        5.22448e-01   4.74035e-02   1.79729e-06   4.63291e-09
   2  y_intercept  -8.29092e-02   5.21596e-01   1.97761e-05   5.61395e-10
 EXTERNAL ERROR MATRIX.    NDIM=  25    NPAR=  2    ERR DEF=1
  2.247e-03 -2.350e-02 
 -2.350e-02  2.721e-01 
 PARAMETER  CORRELATION COEFFICIENTS  
       NO.  GLOBAL      1      2
        1  0.95041   1.000 -0.950
        2  0.95041  -0.950  1.000
 **********
 **    7 **HESSE        6000
 **********
   START COVARIANCE MATRIX CALCULATION.
 EIGENVALUES OF SECOND-DERIVATIVE MATRIX:
         4.9617e-02  1.9504e+00
 COVARIANCE MATRIX CALCULATED SUCCESSFULLY
 FCN=1.82092 FROM HESSE     STATUS=OK             14 CALLS          51 TOTAL
                     EDM=1.00665e-18    STRATEGY= 1      ERROR MATRIX ACCURATE 
  EXT PARAMETER                                INTERNAL      INTERNAL  
  NO.   NAME      VALUE            ERROR       STEP SIZE       VALUE   
   1  slope        5.22448e-01   4.73925e-02   3.59458e-07   5.22448e-01
   2  y_intercept  -8.29092e-02   5.21460e-01   7.91045e-07  -8.29092e-02
 EXTERNAL ERROR MATRIX.    NDIM=  25    NPAR=  2    ERR DEF=1
  2.246e-03 -2.349e-02 
 -2.349e-02  2.719e-01 
 PARAMETER  CORRELATION COEFFICIENTS  
       NO.  GLOBAL      1      2
        1  0.95038   1.000 -0.950
        2  0.95038  -0.950  1.000
 **********
 **   11 **MINOS        6000
 **********
 FCN=1.82092 FROM MINOS     STATUS=SUCCESSFUL     26 CALLS          77 TOTAL
                     EDM=1.00665e-18    STRATEGY= 1      ERROR MATRIX ACCURATE 
  EXT PARAMETER                  PARABOLIC         MINOS ERRORS        
  NO.   NAME      VALUE            ERROR      NEGATIVE      POSITIVE   
   1  slope        5.22448e-01   4.73925e-02  -4.74035e-02   4.74035e-02
   2  y_intercept  -8.29092e-02   5.21460e-01  -5.21596e-01   5.21596e-01

#####################################
# Minuit run on 2017-01-17 14:33:56 #
#####################################

 **********
 **    6 **MIGRAD        6000         0.1
 **********
 FIRST CALL TO USER FUNCTION AT NEW START POINT, WITH IFLAG=4.
 START MIGRAD MINIMIZATION.  STRATEGY  1.  CONVERGENCE WHEN EDM .LT. 1.00e-04
 FCN=2893.8 FROM MIGRAD    STATUS=INITIATE        8 CALLS           9 TOTAL
                     EDM= unknown      STRATEGY= 1      NO ERROR MATRIX       
  EXT PARAMETER               CURRENT GUESS       STEP         FIRST   
  NO.   NAME      VALUE            ERROR          SIZE      DERIVATIVE 
   1  slope        1.00000e+00   1.00000e-02   1.00000e-02   8.01260e+03
   2  y_intercept   0.00000e+00   1.00000e-02   1.00000e-02   6.53480e+02
NO ERROR MATRIX       
 FCN=45.8157 FROM MIGRAD    STATUS=PROGRESS       14 CALLS          15 TOTAL
                     EDM=8.37122    STRATEGY= 1      NO ERROR MATRIX       
  EXT PARAMETER               CURRENT GUESS       STEP         FIRST   
  NO.   NAME      VALUE            ERROR          SIZE      DERIVATIVE 
   1  slope        6.30431e-01   1.00000e-02  -3.69569e-01   1.49406e+02
   2  y_intercept  -4.18492e+00   1.00000e-02  -4.18492e+00  -1.31939e+01
 MIGRAD MINIMIZATION HAS CONVERGED.
 MIGRAD WILL VERIFY CONVERGENCE AND ERROR MATRIX.
   START COVARIANCE MATRIX CALCULATION.
 EIGENVALUES OF SECOND-DERIVATIVE MATRIX:
         4.7359e-02  1.9526e+00
 COVARIANCE MATRIX CALCULATED SUCCESSFULLY
 FCN=1.64208 FROM MIGRAD    STATUS=CONVERGED      36 CALLS          37 TOTAL
                     EDM=2.7436e-20    STRATEGY= 1      ERROR MATRIX ACCURATE 
  EXT PARAMETER                                   STEP         FIRST   
  NO.   NAME      VALUE            ERROR          SIZE      DERIVATIVE 
   1  slope        3.40791e-01   4.41259e-02   1.58312e-06  -1.54283e-08
   2  y_intercept  -7.68709e-01   5.19948e-01   1.86544e-05  -1.45813e-09
 EXTERNAL ERROR MATRIX.    NDIM=  25    NPAR=  2    ERR DEF=1
  1.947e-03 -2.186e-02 
 -2.186e-02  2.703e-01 
 PARAMETER  CORRELATION COEFFICIENTS  
       NO.  GLOBAL      1      2
        1  0.95264   1.000 -0.953
        2  0.95264  -0.953  1.000
 **********
 **    7 **HESSE        6000
 **********
   START COVARIANCE MATRIX CALCULATION.
 EIGENVALUES OF SECOND-DERIVATIVE MATRIX:
         4.7359e-02  1.9526e+00
 COVARIANCE MATRIX CALCULATED SUCCESSFULLY
 FCN=1.64208 FROM HESSE     STATUS=OK             14 CALLS          51 TOTAL
                     EDM=2.85017e-20    STRATEGY= 1      ERROR MATRIX ACCURATE 
  EXT PARAMETER                                INTERNAL      INTERNAL  
  NO.   NAME      VALUE            ERROR       STEP SIZE       VALUE   
   1  slope        3.40791e-01   4.41257e-02   3.16624e-07   3.40791e-01
   2  y_intercept  -7.68709e-01   5.19945e-01   3.73088e-06  -7.68709e-01
 EXTERNAL ERROR MATRIX.    NDIM=  25    NPAR=  2    ERR DEF=1
  1.947e-03 -2.186e-02 
 -2.186e-02  2.703e-01 
 PARAMETER  CORRELATION COEFFICIENTS  
       NO.  GLOBAL      1      2
        1  0.95264   1.000 -0.953
        2  0.95264  -0.953  1.000
 **********
 **   11 **MINOS        6000
 **********
 FCN=1.64208 FROM MINOS     STATUS=SUCCESSFUL     24 CALLS          75 TOTAL
                     EDM=2.85017e-20    STRATEGY= 1      ERROR MATRIX ACCURATE 
  EXT PARAMETER                  PARABOLIC         MINOS ERRORS        
  NO.   NAME      VALUE            ERROR      NEGATIVE      POSITIVE   
   1  slope        3.40791e-01   4.41257e-02  -4.41259e-02   4.41259e-02
   2  y_intercept  -7.68709e-01   5.19945e-01  -5.19948e-01   5.19948e-01

#####################################
# Minuit run on 2017-01-17 14:37:56 #
#####################################

 **********
 **    6 **MIGRAD        6000         0.1
 **********
 FIRST CALL TO USER FUNCTION AT NEW START POINT, WITH IFLAG=4.
 START MIGRAD MINIMIZATION.  STRATEGY  1.  CONVERGENCE WHEN EDM .LT. 1.00e-04
 FCN=1082.79 FROM MIGRAD    STATUS=INITIATE        8 CALLS           9 TOTAL
                     EDM= unknown      STRATEGY= 1      NO ERROR MATRIX       
  EXT PARAMETER               CURRENT GUESS       STEP         FIRST   
  NO.   NAME      VALUE            ERROR          SIZE      DERIVATIVE 
   1  slope        1.00000e+00   1.00000e-02   1.00000e-02   4.46012e+03
   2  y_intercept   0.00000e+00   1.00000e-02   1.00000e-02   3.85850e+02
NO ERROR MATRIX       
 FCN=25.7581 FROM MIGRAD    STATUS=PROGRESS       14 CALLS          15 TOTAL
                     EDM=4.75129    STRATEGY= 1      NO ERROR MATRIX       
  EXT PARAMETER               CURRENT GUESS       STEP         FIRST   
  NO.   NAME      VALUE            ERROR          SIZE      DERIVATIVE 
   1  slope        7.51334e-01   1.00000e-02  -2.48666e-01   1.01939e+02
   2  y_intercept  -2.60457e+00   1.00000e-02  -2.60457e+00  -9.73242e+00
 MIGRAD MINIMIZATION HAS CONVERGED.
 MIGRAD WILL VERIFY CONVERGENCE AND ERROR MATRIX.
   START COVARIANCE MATRIX CALCULATION.
 EIGENVALUES OF SECOND-DERIVATIVE MATRIX:
         4.9593e-02  1.9504e+00
 COVARIANCE MATRIX CALCULATED SUCCESSFULLY
 FCN=1.82092 FROM MIGRAD    STATUS=CONVERGED      36 CALLS          37 TOTAL
                     EDM=5.86877e-21    STRATEGY= 1      ERROR MATRIX ACCURATE 
  EXT PARAMETER                                   STEP         FIRST   
  NO.   NAME      VALUE            ERROR          SIZE      DERIVATIVE 
   1  slope        5.22448e-01   4.74035e-02   1.79729e-06   4.63291e-09
   2  y_intercept  -8.29092e-02   5.21596e-01   1.97761e-05   5.61395e-10
 EXTERNAL ERROR MATRIX.    NDIM=  25    NPAR=  2    ERR DEF=1
  2.247e-03 -2.350e-02 
 -2.350e-02  2.721e-01 
 PARAMETER  CORRELATION COEFFICIENTS  
       NO.  GLOBAL      1      2
        1  0.95041   1.000 -0.950
        2  0.95041  -0.950  1.000
 **********
 **    7 **HESSE        6000
 **********
   START COVARIANCE MATRIX CALCULATION.
 EIGENVALUES OF SECOND-DERIVATIVE MATRIX:
         4.9617e-02  1.9504e+00
 COVARIANCE MATRIX CALCULATED SUCCESSFULLY
 FCN=1.82092 FROM HESSE     STATUS=OK             14 CALLS          51 TOTAL
                     EDM=1.00665e-18    STRATEGY= 1      ERROR MATRIX ACCURATE 
  EXT PARAMETER                                INTERNAL      INTERNAL  
  NO.   NAME      VALUE            ERROR       STEP SIZE       VALUE   
   1  slope        5.22448e-01   4.73925e-02   3.59458e-07   5.22448e-01
   2  y_intercept  -8.29092e-02   5.21460e-01   7.91045e-07  -8.29092e-02
 EXTERNAL ERROR MATRIX.    NDIM=  25    NPAR=  2    ERR DEF=1
  2.246e-03 -2.349e-02 
 -2.349e-02  2.719e-01 
 PARAMETER  CORRELATION COEFFICIENTS  
       NO.  GLOBAL      1      2
        1  0.95038   1.000 -0.950
        2  0.95038  -0.950  1.000
 **********
 **   11 **MINOS        6000
 **********
 FCN=1.82092 FROM MINOS     STATUS=SUCCESSFUL     26 CALLS          77 TOTAL
                     EDM=1.00665e-18    STRATEGY= 1      ERROR MATRIX ACCURATE 
  EXT PARAMETER                  PARABOLIC         MINOS ERRORS        
  NO.   NAME      VALUE            ERROR      NEGATIVE      POSITIVE   
   1  slope        5.22448e-01   4.73925e-02  -4.74035e-02   4.74035e-02
   2  y_intercept  -8.29092e-02   5.21460e-01  -5.21596e-01   5.21596e-01
